c:\users\faust\source\repos\cap4\cap4\debug\vc142.pdb
c:\users\faust\source\repos\cap4\cap4\debug\vc142.idb
c:\users\faust\source\repos\cap4\cap4\debug\glad.obj
c:\users\faust\source\repos\cap4\cap4\debug\scenesamplerobj.obj
c:\users\faust\source\repos\cap4\cap4\debug\scenerendertotex.obj
c:\users\faust\source\repos\cap4\cap4\debug\scenerefractcube.obj
c:\users\faust\source\repos\cap4\cap4\debug\scenereflectcube.obj
c:\users\faust\source\repos\cap4\cap4\debug\sceneprojtex.obj
c:\users\faust\source\repos\cap4\cap4\debug\scenenormalmap.obj
c:\users\faust\source\repos\cap4\cap4\debug\scenemultitex.obj
c:\users\faust\source\repos\cap4\cap4\debug\scenealphatest.obj
c:\users\faust\source\repos\cap4\cap4\debug\trianglemesh.obj
c:\users\faust\source\repos\cap4\cap4\debug\torus.obj
c:\users\faust\source\repos\cap4\cap4\debug\texture.obj
c:\users\faust\source\repos\cap4\cap4\debug\teapotpatch.obj
c:\users\faust\source\repos\cap4\cap4\debug\teapot.obj
c:\users\faust\source\repos\cap4\cap4\debug\sphere.obj
c:\users\faust\source\repos\cap4\cap4\debug\plane.obj
c:\users\faust\source\repos\cap4\cap4\debug\objmesh.obj
c:\users\faust\source\repos\cap4\cap4\debug\glutils.obj
c:\users\faust\source\repos\cap4\cap4\debug\glslprogram.obj
c:\users\faust\source\repos\cap4\cap4\debug\cube.obj
c:\users\faust\source\repos\cap4\cap4\debug\main.obj
c:\users\faust\source\repos\cap4\cap4\debug\scenetexture.obj
c:\users\faust\source\repos\cap4\cap4\debug\cap4.tlog\cl.command.1.tlog
c:\users\faust\source\repos\cap4\cap4\debug\cap4.tlog\cl.read.1.tlog
c:\users\faust\source\repos\cap4\cap4\debug\cap4.tlog\cl.write.1.tlog
